0 info it worked if it ends with ok
1 verbose cli [ 'C:\\Program Files\\nodejs\\node.exe',
1 verbose cli   'C:\\Program Files\\nodejs\\node_modules\\npm\\bin\\npm-cli.js',
1 verbose cli   'run',
1 verbose cli   'lint' ]
2 info using npm@3.10.10
3 info using node@v6.11.3
4 verbose run-script [ 'prelint', 'lint', 'postlint' ]
5 info lifecycle front@1.0.0~prelint: front@1.0.0
6 silly lifecycle front@1.0.0~prelint: no script for prelint, continuing
7 info lifecycle front@1.0.0~lint: front@1.0.0
8 verbose lifecycle front@1.0.0~lint: unsafe-perm in lifecycle true
9 verbose lifecycle front@1.0.0~lint: PATH: C:\Program Files\nodejs\node_modules\npm\bin\node-gyp-bin;C:\Users\Андрей\Desktop\frontend\node_modules\.bin;C:\ProgramData\Oracle\Java\javapath;C:\Windows\system32;C:\Windows;C:\Windows\System32\Wbem;C:\Windows\System32\WindowsPowerShell\v1.0\;C:\Program Files\Git\cmd;F:\програми\cmder_mini;C:\Program Files\Skype\Phone\;C:\Program Files\nodejs\;C:\Program Files\Sublime Text 2;C:\Program Files\Yarn\bin;C:\Users\Андрей\AppData\Roaming\npm;C:\Users\Андрей\AppData\Local\Yarn\bin
10 verbose lifecycle front@1.0.0~lint: CWD: C:\Users\Андрей\Desktop\frontend
11 silly lifecycle front@1.0.0~lint: Args: [ '/d /s /c', 'eslint src\\js\\index.js || true ' ]
12 silly lifecycle front@1.0.0~lint: Returned: code: 1  signal: null
13 info lifecycle front@1.0.0~lint: Failed to exec lint script
14 verbose stack Error: front@1.0.0 lint: `eslint src\js\index.js || true `
14 verbose stack Exit status 1
14 verbose stack     at EventEmitter.<anonymous> (C:\Program Files\nodejs\node_modules\npm\lib\utils\lifecycle.js:255:16)
14 verbose stack     at emitTwo (events.js:106:13)
14 verbose stack     at EventEmitter.emit (events.js:191:7)
14 verbose stack     at ChildProcess.<anonymous> (C:\Program Files\nodejs\node_modules\npm\lib\utils\spawn.js:40:14)
14 verbose stack     at emitTwo (events.js:106:13)
14 verbose stack     at ChildProcess.emit (events.js:191:7)
14 verbose stack     at maybeClose (internal/child_process.js:920:16)
14 verbose stack     at Process.ChildProcess._handle.onexit (internal/child_process.js:230:5)
15 verbose pkgid front@1.0.0
16 verbose cwd C:\Users\Андрей\Desktop\frontend
17 error Windows_NT 6.1.7601
18 error argv "C:\\Program Files\\nodejs\\node.exe" "C:\\Program Files\\nodejs\\node_modules\\npm\\bin\\npm-cli.js" "run" "lint"
19 error node v6.11.3
20 error npm  v3.10.10
21 error code ELIFECYCLE
22 error front@1.0.0 lint: `eslint src\js\index.js || true `
22 error Exit status 1
23 error Failed at the front@1.0.0 lint script 'eslint src\js\index.js || true '.
23 error Make sure you have the latest version of node.js and npm installed.
23 error If you do, this is most likely a problem with the front package,
23 error not with npm itself.
23 error Tell the author that this fails on your system:
23 error     eslint src\js\index.js || true
23 error You can get information on how to open an issue for this project with:
23 error     npm bugs front
23 error Or if that isn't available, you can get their info via:
23 error     npm owner ls front
23 error There is likely additional logging output above.
24 verbose exit [ 1, true ]
